[11/Apr/2026 16:37:53] "GET /api/openapi.json HTTP/1.1" 200 13792
[11/Apr/2026 16:37:53,251] - Broken pipe from ('127.0.0.1', 50974)
[11/Apr/2026 16:38:11] "GET /api/docs HTTP/1.1" 200 1120
[11/Apr/2026 16:38:11] "GET /api/openapi.json HTTP/1.1" 200 13792
[11/Apr/2026 16:38:11,480] - Broken pipe from ('127.0.0.1', 65364)
[11/Apr/2026 16:38:11,552] - Broken pipe from ('127.0.0.1', 65365)
[11/Apr/2026 16:38:20] "GET /api/openapi.json HTTP/1.1" 200 13792
[11/Apr/2026 16:38:20] "GET /api/openapi.json HTTP/1.1" 200 13792
[11/Apr/2026 16:38:20,389] - Broken pipe from ('127.0.0.1', 53573)
[11/Apr/2026 16:38:20,419] - Broken pipe from ('127.0.0.1', 53572)
[11/Apr/2026 16:38:30] "GET /api/openapi.json HTTP/1.1" 200 13792
[11/Apr/2026 16:38:30] "GET /api/openapi.json HTTP/1.1" 200 13792
[11/Apr/2026 16:38:30,960] - Broken pipe from ('127.0.0.1', 54705)
[11/Apr/2026 16:38:30,999] - Broken pipe from ('127.0.0.1', 54706)
[11/Apr/2026 16:39:19] "GET /api/docs HTTP/1.1" 200 1120
[11/Apr/2026 16:39:20] "GET /api/openapi.json HTTP/1.1" 200 13792
2026-04-11 16:39:32,756 INFO apps.auth_app.api New client registered: user_id=5
[11/Apr/2026 16:39:32] "POST /api/auth/register HTTP/1.1" 201 105
2026-04-11 16:43:30,817 INFO apps.auth_app.api Login success: user_id=5 role=CLIENT
[11/Apr/2026 16:43:30] "POST /api/auth/login HTTP/1.1" 200 533
2026-04-11 16:43:43,834 WARNING django.request Unauthorized: /api/loans/apply
[11/Apr/2026 16:43:43] "POST /api/loans/apply HTTP/1.1" 401 26
[11/Apr/2026 16:44:20] "GET /api/openapi.json HTTP/1.1" 200 13792
2026-04-11 16:48:34,869 INFO apps.auth_app.api Login success: user_id=5 role=CLIENT
[11/Apr/2026 16:48:34] "POST /api/auth/login HTTP/1.1" 200 533
2026-04-11 16:49:13,584 WARNING django.request Unauthorized: /api/loans/
[11/Apr/2026 16:49:13] "GET /api/loans/ HTTP/1.1" 401 26
2026-04-11 16:50:10,068 WARNING django.request Unauthorized: /api/auth/login
[11/Apr/2026 16:50:10] "POST /api/auth/login HTTP/1.1" 401 33
2026-04-11 16:51:07,526 WARNING django.request Unauthorized: /api/auth/login
[11/Apr/2026 16:51:07] "POST /api/auth/login HTTP/1.1" 401 33
[11/Apr/2026 16:51:07,565] - Broken pipe from ('127.0.0.1', 53257)
2026-04-11 16:51:07,527 ERROR django.request Internal Server Error: /api/auth/login
Traceback (most recent call last):
  File "C:\Users\User\AppData\Local\Programs\Python\Python312\Lib\site-packages\django\db\backends\utils.py", line 105, in _execute
    return self.cursor.execute(sql, params)
           ^^^^^^^^^^^^^^^^^^^^^^^^^^^^^^^^
  File "C:\Users\User\AppData\Local\Programs\Python\Python312\Lib\site-packages\django\db\backends\sqlite3\base.py", line 354, in execute
    return super().execute(query, params)
           ^^^^^^^^^^^^^^^^^^^^^^^^^^^^^^
sqlite3.OperationalError: database is locked

The above exception was the direct cause of the following exception:

Traceback (most recent call last):
  File "C:\Users\User\AppData\Local\Programs\Python\Python312\Lib\site-packages\django\core\handlers\exception.py", line 55, in inner
    response = get_response(request)
               ^^^^^^^^^^^^^^^^^^^^^
  File "C:\Users\User\AppData\Local\Programs\Python\Python312\Lib\site-packages\django\core\handlers\base.py", line 197, in _get_response
    response = wrapped_callback(request, *callback_args, **callback_kwargs)
               ^^^^^^^^^^^^^^^^^^^^^^^^^^^^^^^^^^^^^^^^^^^^^^^^^^^^^^^^^^^^
  File "C:\Users\User\AppData\Local\Programs\Python\Python312\Lib\site-packages\ninja\operation.py", line 470, in _sync_view
    return operation.run(request, *a, **kw)
           ^^^^^^^^^^^^^^^^^^^^^^^^^^^^^^^^
  File "C:\Users\User\AppData\Local\Programs\Python\Python312\Lib\site-packages\ninja\operation.py", line 127, in run
    return self.api.on_exception(request, e)
           ^^^^^^^^^^^^^^^^^^^^^^^^^^^^^^^^^
  File "C:\Users\User\AppData\Local\Programs\Python\Python312\Lib\site-packages\ninja\main.py", line 515, in on_exception
    return handler(request, exc)
           ^^^^^^^^^^^^^^^^^^^^^
  File "C:\Users\User\AppData\Local\Programs\Python\Python312\Lib\site-packages\ninja\errors.py", line 114, in _default_exception
    raise exc  # let django deal with it
    ^^^^^^^^^
  File "C:\Users\User\AppData\Local\Programs\Python\Python312\Lib\site-packages\ninja\operation.py", line 120, in run
    result = self.view_func(request, **values)
             ^^^^^^^^^^^^^^^^^^^^^^^^^^^^^^^^^
  File "C:\projects\aitu\isscv\mvp3\mvp_bank\apps\auth_app\api.py", line 117, in login
    register_login_failure(email, ip_address)
  File "C:\Users\User\AppData\Local\Programs\Python\Python312\Lib\contextlib.py", line 81, in inner
    return func(*args, **kwds)
           ^^^^^^^^^^^^^^^^^^^
  File "C:\projects\aitu\isscv\mvp3\mvp_bank\apps\auth_app\services.py", line 62, in register_login_failure
    record.save(
  File "C:\Users\User\AppData\Local\Programs\Python\Python312\Lib\site-packages\django\db\models\base.py", line 892, in save
    self.save_base(
  File "C:\Users\User\AppData\Local\Programs\Python\Python312\Lib\site-packages\django\db\models\base.py", line 998, in save_base
    updated = self._save_table(
              ^^^^^^^^^^^^^^^^^
  File "C:\Users\User\AppData\Local\Programs\Python\Python312\Lib\site-packages\django\db\models\base.py", line 1130, in _save_table
    updated = self._do_update(
              ^^^^^^^^^^^^^^^^
  File "C:\Users\User\AppData\Local\Programs\Python\Python312\Lib\site-packages\django\db\models\base.py", line 1195, in _do_update
    return filtered._update(values) > 0
           ^^^^^^^^^^^^^^^^^^^^^^^^
  File "C:\Users\User\AppData\Local\Programs\Python\Python312\Lib\site-packages\django\db\models\query.py", line 1278, in _update
    return query.get_compiler(self.db).execute_sql(CURSOR)
           ^^^^^^^^^^^^^^^^^^^^^^^^^^^^^^^^^^^^^^^^^^^^^^^
  File "C:\Users\User\AppData\Local\Programs\Python\Python312\Lib\site-packages\django\db\models\sql\compiler.py", line 2003, in execute_sql
    cursor = super().execute_sql(result_type)
             ^^^^^^^^^^^^^^^^^^^^^^^^^^^^^^^^
  File "C:\Users\User\AppData\Local\Programs\Python\Python312\Lib\site-packages\django\db\models\sql\compiler.py", line 1574, in execute_sql
    cursor.execute(sql, params)
  File "C:\Users\User\AppData\Local\Programs\Python\Python312\Lib\site-packages\django\db\backends\utils.py", line 79, in execute
    return self._execute_with_wrappers(
           ^^^^^^^^^^^^^^^^^^^^^^^^^^^^
  File "C:\Users\User\AppData\Local\Programs\Python\Python312\Lib\site-packages\django\db\backends\utils.py", line 92, in _execute_with_wrappers
    return executor(sql, params, many, context)
           ^^^^^^^^^^^^^^^^^^^^^^^^^^^^^^^^^^^^
  File "C:\Users\User\AppData\Local\Programs\Python\Python312\Lib\site-packages\django\db\backends\utils.py", line 100, in _execute
    with self.db.wrap_database_errors:
         ^^^^^^^^^^^^^^^^^^^^^^^^^^^^
  File "C:\Users\User\AppData\Local\Programs\Python\Python312\Lib\site-packages\django\db\utils.py", line 91, in __exit__
    raise dj_exc_value.with_traceback(traceback) from exc_value
  File "C:\Users\User\AppData\Local\Programs\Python\Python312\Lib\site-packages\django\db\backends\utils.py", line 105, in _execute
    return self.cursor.execute(sql, params)
           ^^^^^^^^^^^^^^^^^^^^^^^^^^^^^^^^
  File "C:\Users\User\AppData\Local\Programs\Python\Python312\Lib\site-packages\django\db\backends\sqlite3\base.py", line 354, in execute
    return super().execute(query, params)
           ^^^^^^^^^^^^^^^^^^^^^^^^^^^^^^
django.db.utils.OperationalError: database is locked
[11/Apr/2026 16:51:07] "POST /api/auth/login HTTP/1.1" 500 145
[11/Apr/2026 16:51:07,619] - Broken pipe from ('127.0.0.1', 53258)
2026-04-11 16:51:20,388 WARNING django.request Unauthorized: /api/auth/login
[11/Apr/2026 16:51:20] "POST /api/auth/login HTTP/1.1" 401 33
2026-04-11 16:51:32,746 INFO apps.auth_app.api Login success: user_id=1 role=CLIENT
[11/Apr/2026 16:51:32] "POST /api/auth/login HTTP/1.1" 200 533
2026-04-11 16:51:32,759 INFO apps.auth_app.api Login success: user_id=3 role=MANAGER
[11/Apr/2026 16:51:32] "POST /api/auth/login HTTP/1.1" 200 534
2026-04-11 16:51:32,776 INFO apps.auth_app.api Login success: user_id=4 role=ADMIN
[11/Apr/2026 16:51:32] "POST /api/auth/login HTTP/1.1" 200 532
[11/Apr/2026 16:51:32,784] - Broken pipe from ('127.0.0.1', 49425)
2026-04-11 16:51:32,792 INFO apps.auth_app.api Login success: user_id=2 role=CLIENT
[11/Apr/2026 16:51:32] "POST /api/auth/login HTTP/1.1" 200 533
[11/Apr/2026 16:51:32,798] - Broken pipe from ('127.0.0.1', 49428)
[11/Apr/2026 16:51:32,813] - Broken pipe from ('127.0.0.1', 49427)
[11/Apr/2026 16:51:32,826] - Broken pipe from ('127.0.0.1', 49426)
2026-04-11 17:15:01,701 INFO apps.auth_app.api Login success: user_id=3 role=MANAGER
[11/Apr/2026 17:15:01] "POST /api/auth/login HTTP/1.1" 200 534
2026-04-11 17:15:20,100 WARNING django.request Unauthorized: /api/loans/apply
[11/Apr/2026 17:15:20] "POST /api/loans/apply HTTP/1.1" 401 26
2026-04-11 17:15:55,788 INFO apps.auth_app.api Login success: user_id=3 role=MANAGER
[11/Apr/2026 17:15:55] "POST /api/auth/login HTTP/1.1" 200 534
2026-04-11 17:16:01,863 WARNING django.request Unauthorized: /api/loans/
[11/Apr/2026 17:16:01] "GET /api/loans/ HTTP/1.1" 401 26
