Performing system checks...

System check identified no issues (0 silenced).

You have 1 unapplied migration(s). Your project may not work properly until you apply the migrations for app(s): auth_app.
Run 'python manage.py migrate' to apply them.
April 11, 2026 - 15:58:26
Django version 5.1.4, using settings 'config.settings'
Starting development server at http://127.0.0.1:8000/
Quit the server with CTRL-BREAK.

Performing system checks...

System check identified no issues (0 silenced).

You have 1 unapplied migration(s). Your project may not work properly until you apply the migrations for app(s): auth_app.
Run 'python manage.py migrate' to apply them.
April 11, 2026 - 16:27:57
Django version 5.1.4, using settings 'config.settings'
Starting development server at http://127.0.0.1:8000/
Quit the server with CTRL-BREAK.

Performing system checks...

System check identified no issues (0 silenced).

You have 1 unapplied migration(s). Your project may not work properly until you apply the migrations for app(s): auth_app.
Run 'python manage.py migrate' to apply them.
April 11, 2026 - 16:28:07
Django version 5.1.4, using settings 'config.settings'
Starting development server at http://127.0.0.1:8000/
Quit the server with CTRL-BREAK.

Performing system checks...

System check identified no issues (0 silenced).

You have 1 unapplied migration(s). Your project may not work properly until you apply the migrations for app(s): auth_app.
Run 'python manage.py migrate' to apply them.
April 11, 2026 - 16:28:28
Django version 5.1.4, using settings 'config.settings'
Starting development server at http://127.0.0.1:8000/
Quit the server with CTRL-BREAK.

Performing system checks...

System check identified no issues (0 silenced).

You have 1 unapplied migration(s). Your project may not work properly until you apply the migrations for app(s): auth_app.
Run 'python manage.py migrate' to apply them.
April 11, 2026 - 16:28:43
Django version 5.1.4, using settings 'config.settings'
Starting development server at http://127.0.0.1:8000/
Quit the server with CTRL-BREAK.

Performing system checks...

System check identified no issues (0 silenced).

You have 1 unapplied migration(s). Your project may not work properly until you apply the migrations for app(s): auth_app.
Run 'python manage.py migrate' to apply them.
April 11, 2026 - 16:32:04
Django version 5.1.4, using settings 'config.settings'
Starting development server at http://127.0.0.1:8000/
Quit the server with CTRL-BREAK.

